<?xml version="1.0" encoding="UTF-8"?>
<testsuite xmlns:xsi="http://www.w3.org/2001/XMLSchema-instance" xsi:noNamespaceSchemaLocation="https://maven.apache.org/surefire/maven-surefire-plugin/xsd/surefire-test-report.xsd" name="ti21b.hikmal.yusif.jamil.michael.bangkit.sofyan.service.UserServiceImplTest" time="2.325" tests="20" errors="0" skipped="0" failures="0">
  <properties>
[...]
</properties>
  <testcase name="testUpdatePasswordNullAttribute" classname="ti21b.hikmal.yusif.jamil.michael.bangkit.sofyan.service.UserServiceImplTest" time="0"/>
  <testcase name="testRegisterBlankAttribute" classname="ti21b.hikmal.yusif.jamil.michael.bangkit.sofyan.service.UserServiceImplTest" time="0"/>
  <testcase name="testUpdateProfileSuccess" classname="ti21b.hikmal.yusif.jamil.michael.bangkit.sofyan.service.UserServiceImplTest" time="0"/>
  <testcase name="testUpdateProfileBlankAttribute" classname="ti21b.hikmal.yusif.jamil.michael.bangkit.sofyan.service.UserServiceImplTest" time="0"/>
  <testcase name="testloginWrongPassword" classname="ti21b.hikmal.yusif.jamil.michael.bangkit.sofyan.service.UserServiceImplTest" time="0.574"/>
  <testcase name="testLoginSuccess" classname="ti21b.hikmal.yusif.jamil.michael.bangkit.sofyan.service.UserServiceImplTest" time="0.367"/>
  <testcase name="testUpdatePasswordBlankAttribute" classname="ti21b.hikmal.yusif.jamil.michael.bangkit.sofyan.service.UserServiceImplTest" time="0.032"/>
  <testcase name="testRegisterDifferentPassword" classname="ti21b.hikmal.yusif.jamil.michael.bangkit.sofyan.service.UserServiceImplTest" time="0.023"/>
  <testcase name="testRegisterLengthPassword" classname="ti21b.hikmal.yusif.jamil.michael.bangkit.sofyan.service.UserServiceImplTest" time="0.02"/>
  <testcase name="testRegisterDuplicate" classname="ti21b.hikmal.yusif.jamil.michael.bangkit.sofyan.service.UserServiceImplTest" time="0.146"/>
  <testcase name="testUpdateProfileNullAttribute" classname="ti21b.hikmal.yusif.jamil.michael.bangkit.sofyan.service.UserServiceImplTest" time="0.005"/>
  <testcase name="testUpdatePasswordNotSameCurrentPassword" classname="ti21b.hikmal.yusif.jamil.michael.bangkit.sofyan.service.UserServiceImplTest" time="0.037"/>
  <testcase name="testloginBlankAttribute" classname="ti21b.hikmal.yusif.jamil.michael.bangkit.sofyan.service.UserServiceImplTest" time="0.151"/>
  <testcase name="testUpdatePasswordLengthAttribute" classname="ti21b.hikmal.yusif.jamil.michael.bangkit.sofyan.service.UserServiceImplTest" time="0.021"/>
  <testcase name="testloginNullAttribute" classname="ti21b.hikmal.yusif.jamil.michael.bangkit.sofyan.service.UserServiceImplTest" time="0.023"/>
  <testcase name="testUpdatePasswordNotSame" classname="ti21b.hikmal.yusif.jamil.michael.bangkit.sofyan.service.UserServiceImplTest" time="0.021"/>
  <testcase name="testloginNotFound" classname="ti21b.hikmal.yusif.jamil.michael.bangkit.sofyan.service.UserServiceImplTest" time="0.021"/>
  <testcase name="testRegisterNullAttribute" classname="ti21b.hikmal.yusif.jamil.michael.bangkit.sofyan.service.UserServiceImplTest" time="0.022"/>
  <testcase name="testUpdatePasswordSuccess" classname="ti21b.hikmal.yusif.jamil.michael.bangkit.sofyan.service.UserServiceImplTest" time="0.572"/>
  <testcase name="testRegisterSuccess" classname="ti21b.hikmal.yusif.jamil.michael.bangkit.sofyan.service.UserServiceImplTest" time="0.23"/>
</testsuite>